<?xml version="1.0" encoding="UTF-8"?>
<!-- Generated by org.testng.reporters.JUnitReportReporter -->
<testsuite hostname="Paresh" failures="0" tests="1" name="sampleproject.Testsample" time="11.442" errors="0" timestamp="2024-10-07T17:50:22 IST" skipped="0">
  <testcase classname="sampleproject.Testsample" name="openbrowser" time="11.442"/>
</testsuite> <!-- sampleproject.Testsample -->
